<?xml version="1.0" encoding="UTF-8"?>
<!-- Generated by org.testng.reporters.JUnitXMLReporter -->
<testsuite ignored="0" hostname="DESKTOP-JCD9SQ1" failures="0" tests="3" name="Default test" time="14.265" errors="0" timestamp="2023-10-24T13:03:57 TRT">
  <testcase classname="Swaglab_test" name="LoginWithPerformanceUser" time="7.544"/>
  <testcase classname="Swaglab_test" name="LoginWithProblemUser" time="2.403"/>
  <testcase classname="Swaglab_test" name="LoginWithStandardUSer" time="2.71"/>
</testsuite> <!-- Default test -->
