<?xml version="1.0" encoding="UTF-8"?>
<testng-results ignored="0" total="3" passed="3" failed="0" skipped="0">
  <reporter-output>
  </reporter-output>
  <suite started-at="2023-10-24T13:03:43 TRT" name="Default suite" finished-at="2023-10-24T13:03:57 TRT" duration-ms="14265">
    <groups>
    </groups>
    <test started-at="2023-10-24T13:03:43 TRT" name="Default test" finished-at="2023-10-24T13:03:57 TRT" duration-ms="14265">
      <class name="Swaglab_test">
        <test-method is-config="true" signature="mySetup()[pri:0, instance:Swaglab_test@62fad19]" started-at="2023-10-24T13:03:43 TRT" name="mySetup" finished-at="2023-10-24T13:03:44 TRT" duration-ms="1193" status="PASS">
          <reporter-output>
          </reporter-output>
        </test-method> <!-- mySetup -->
        <test-method signature="LoginWithPerformanceUser()[pri:0, instance:Swaglab_test@62fad19]" started-at="2023-10-24T13:03:44 TRT" name="LoginWithPerformanceUser" finished-at="2023-10-24T13:03:52 TRT" duration-ms="7544" status="PASS">
          <reporter-output>
          </reporter-output>
        </test-method> <!-- LoginWithPerformanceUser -->
        <test-method is-config="true" signature="myPostTesting()[pri:0, instance:Swaglab_test@62fad19]" started-at="2023-10-24T13:03:52 TRT" name="myPostTesting" finished-at="2023-10-24T13:03:52 TRT" duration-ms="1" status="PASS">
          <reporter-output>
          </reporter-output>
        </test-method> <!-- myPostTesting -->
        <test-method is-config="true" signature="mySetup()[pri:0, instance:Swaglab_test@62fad19]" started-at="2023-10-24T13:03:52 TRT" name="mySetup" finished-at="2023-10-24T13:03:52 TRT" duration-ms="170" status="PASS">
          <reporter-output>
          </reporter-output>
        </test-method> <!-- mySetup -->
        <test-method signature="LoginWithProblemUser()[pri:0, instance:Swaglab_test@62fad19]" started-at="2023-10-24T13:03:52 TRT" name="LoginWithProblemUser" finished-at="2023-10-24T13:03:54 TRT" duration-ms="2403" status="PASS">
          <reporter-output>
          </reporter-output>
        </test-method> <!-- LoginWithProblemUser -->
        <test-method is-config="true" signature="myPostTesting()[pri:0, instance:Swaglab_test@62fad19]" started-at="2023-10-24T13:03:54 TRT" name="myPostTesting" finished-at="2023-10-24T13:03:54 TRT" duration-ms="1" status="PASS">
          <reporter-output>
          </reporter-output>
        </test-method> <!-- myPostTesting -->
        <test-method is-config="true" signature="mySetup()[pri:0, instance:Swaglab_test@62fad19]" started-at="2023-10-24T13:03:54 TRT" name="mySetup" finished-at="2023-10-24T13:03:54 TRT" duration-ms="152" status="PASS">
          <reporter-output>
          </reporter-output>
        </test-method> <!-- mySetup -->
        <test-method signature="LoginWithStandardUSer()[pri:0, instance:Swaglab_test@62fad19]" started-at="2023-10-24T13:03:54 TRT" name="LoginWithStandardUSer" finished-at="2023-10-24T13:03:57 TRT" duration-ms="2710" status="PASS">
          <reporter-output>
          </reporter-output>
        </test-method> <!-- LoginWithStandardUSer -->
        <test-method is-config="true" signature="myPostTesting()[pri:0, instance:Swaglab_test@62fad19]" started-at="2023-10-24T13:03:57 TRT" name="myPostTesting" finished-at="2023-10-24T13:03:57 TRT" duration-ms="0" status="PASS">
          <reporter-output>
          </reporter-output>
        </test-method> <!-- myPostTesting -->
      </class> <!-- Swaglab_test -->
    </test> <!-- Default test -->
  </suite> <!-- Default suite -->
</testng-results>
